#
# A fatal error has been detected by the Java Runtime Environment:
#
#  Internal Error (classFileParser.cpp:3494), pid=5232, tid=5536
#  Error: ShouldNotReachHere()
#
# JRE version: 6.0_38-b05
# Java VM: Java HotSpot(TM) Client VM (20.13-b02 mixed mode windows-x86 )
# If you would like to submit a bug report, please visit:
#   http://java.sun.com/webapps/bugreport/crash.jsp
#

---------------  T H R E A D  ---------------

Current thread (0x01929c00):  JavaThread "Unknown thread" [_thread_in_vm, id=5536, stack(0x000d0000,0x00120000)]

Stack: [0x000d0000,0x00120000],  sp=0x0011f86c,  free space=318k
Native frames: (J=compiled Java code, j=interpreted, Vv=VM code, C=native code)
V  [jvm.dll+0x1348ea]
V  [jvm.dll+0x12f3db]
V  [jvm.dll+0x1676e]
V  [jvm.dll+0x17faf]
V  [jvm.dll+0x27565]
V  [jvm.dll+0x27da6]
V  [jvm.dll+0x28155]
V  [jvm.dll+0x281e9]
V  [jvm.dll+0x282ac]
V  [jvm.dll+0x2832a]
V  [jvm.dll+0x2840d]
V  [jvm.dll+0x286d9]
V  [jvm.dll+0x6cdb3]
V  [jvm.dll+0x6d18c]
V  [jvm.dll+0xfa77c]
V  [jvm.dll+0x1190cb]
V  [jvm.dll+0x9f4c0]
C  [javaw.exe+0x1657]
C  [javaw.exe+0x1e2c]
C  [javaw.exe+0x8614]
C  [kernel32.dll+0x4d3c9]  BaseThreadInitThunk+0x12
C  [ntdll.dll+0x41603]  RtlInitializeExceptionChain+0x63
C  [ntdll.dll+0x415d6]  RtlInitializeExceptionChain+0x36


---------------  P R O C E S S  ---------------

Java Threads: ( => current thread )

Other Threads:

=>0x01929c00 (exited) JavaThread "Unknown thread" [_thread_in_vm, id=5536, stack(0x000d0000,0x00120000)]

VM state:not at safepoint (not fully initialized)

VM Mutex/Monitor currently owned by a thread: None

Dynamic libraries:
0x00400000 - 0x00425000 	C:\Program Files\Java\jre6\bin\javaw.exe
0x772d0000 - 0x773f8000 	C:\Windows\system32\ntdll.dll
0x76880000 - 0x7695d000 	C:\Windows\system32\kernel32.dll
0x77460000 - 0x77526000 	C:\Windows\system32\ADVAPI32.dll
0x76db0000 - 0x76e72000 	C:\Windows\system32\RPCRT4.dll
0x76b70000 - 0x76c0d000 	C:\Windows\system32\USER32.dll
0x76c10000 - 0x76c5c000 	C:\Windows\system32\GDI32.dll
0x77440000 - 0x7745e000 	C:\Windows\system32\IMM32.DLL
0x765e0000 - 0x766a8000 	C:\Windows\system32\MSCTF.dll
0x76ac0000 - 0x76b6a000 	C:\Windows\system32\msvcrt.dll
0x764b0000 - 0x764b9000 	C:\Windows\system32\LPK.DLL
0x769e0000 - 0x76a5d000 	C:\Windows\system32\USP10.dll
0x7c340000 - 0x7c396000 	C:\Program Files\Java\jre6\bin\msvcr71.dll
0x6d7f0000 - 0x6daa0000 	C:\Program Files\Java\jre6\bin\client\jvm.dll
0x74370000 - 0x743a2000 	C:\Windows\system32\WINMM.dll
0x76c60000 - 0x76da5000 	C:\Windows\system32\ole32.dll
0x771b0000 - 0x7723d000 	C:\Windows\system32\OLEAUT32.dll
0x73de0000 - 0x73e1e000 	C:\Windows\system32\OLEACC.dll
0x757c0000 - 0x757ec000 	C:\Windows\system32\apphelp.dll
0x6d7a0000 - 0x6d7ac000 	C:\Program Files\Java\jre6\bin\verify.dll
0x6d320000 - 0x6d33f000 	C:\Program Files\Java\jre6\bin\java.dll
0x6d7e0000 - 0x6d7ef000 	C:\Program Files\Java\jre6\bin\zip.dll
0x75980000 - 0x75987000 	C:\Windows\system32\PSAPI.DLL

VM Arguments:
jvm_args: -Dfile.encoding=Cp1252 -Xbootclasspath:C:\DEV\adt-bundle-windows-x86-20140702\adt-bundle-windows-x86-20140702\sdk\platforms\android-20\android.jar 
java_command: com.yogidev.android.livingroom.DataManager
Launcher Type: SUN_STANDARD

Environment Variables:
JAVA_HOME=C:\Program Files\Java\jdk1.6.0_23
CLASSPATH=C:\Program Files\Java\jdk1.6.0_23\bin
PATH=C:/Program Files/Java/jre7/bin/client;C:/Program Files/Java/jre7/bin;C:/Program Files/Java/jre7/lib/i386;C:\Perl\bin\;C:\Windows\system32;C:\Windows;C:\Windows\System32\Wbem;C:\Program Files\ATI Technologies\ATI.ACE\Core-Static;C:\Program Files\Common Files\Roxio Shared\DLLShared\;C:\Program Files\Common Files\Roxio Shared\10.0\DLLShared\;C:\Windows\System32\WindowsPowerShell\v1.0\;C:\Program Files\Android\android-sdk-windows\platform-tools;C:\Program Files\Android\android-sdk-windows\tools;C:\Program Files\Calibre2\;;C:\DEV\adt-bundle-windows-x86-20140702\adt-bundle-windows-x86-20140702\eclipse;
USERNAME=YoGi
OS=Windows_NT
PROCESSOR_IDENTIFIER=x86 Family 15 Model 107 Stepping 2, AuthenticAMD



---------------  S Y S T E M  ---------------

OS: Windows Vista Build 6002 Service Pack 2

CPU:total 2 (2 cores per cpu, 1 threads per core) family 15 model 107 stepping 2, cmov, cx8, fxsr, mmx, sse, sse2, sse3, mmxext, 3dnowpref

Memory: 4k page, physical 3143432k(883916k free), swap 6510496k(2967304k free)

vm_info: Java HotSpot(TM) Client VM (20.13-b02) for windows-x86 JRE (1.6.0_38-b05), built on Nov 14 2012 01:54:26 by "java_re" with MS VC++ 7.1 (VS2003)

time: Fri Oct 17 22:23:15 2014
elapsed time: 0 seconds

